0 info it worked if it ends with ok
1 verbose cli [ '/usr/local/bin/node', '/usr/local/bin/npm', 'install' ]
2 info using npm@1.4.28
3 info using node@v0.10.36
4 verbose readDependencies using package.json deps
5 verbose install where, deps [ '/home/carlos/Documentos/Asignaturas/SegundoC/PL/AnalizadorDescendente2',
5 verbose install   [ 'body-parser',
5 verbose install     'cookie-parser',
5 verbose install     'debug',
5 verbose install     'express',
5 verbose install     'jade',
5 verbose install     'morgan',
5 verbose install     'serve-favicon' ] ]
6 info preinstall AnalizadorDescendente2@0.0.0
7 verbose readDependencies using package.json deps
8 verbose cache add [ 'body-parser@~1.12.0', null ]
9 verbose cache add name=undefined spec="body-parser@~1.12.0" args=["body-parser@~1.12.0",null]
10 verbose parsed url { protocol: null,
10 verbose parsed url   slashes: null,
10 verbose parsed url   auth: null,
10 verbose parsed url   host: null,
10 verbose parsed url   port: null,
10 verbose parsed url   hostname: null,
10 verbose parsed url   hash: null,
10 verbose parsed url   search: null,
10 verbose parsed url   query: null,
10 verbose parsed url   pathname: 'body-parser@~1.12.0',
10 verbose parsed url   path: 'body-parser@~1.12.0',
10 verbose parsed url   href: 'body-parser@~1.12.0' }
11 verbose cache add [ 'cookie-parser@~1.3.4', null ]
12 verbose cache add name=undefined spec="cookie-parser@~1.3.4" args=["cookie-parser@~1.3.4",null]
13 verbose parsed url { protocol: null,
13 verbose parsed url   slashes: null,
13 verbose parsed url   auth: null,
13 verbose parsed url   host: null,
13 verbose parsed url   port: null,
13 verbose parsed url   hostname: null,
13 verbose parsed url   hash: null,
13 verbose parsed url   search: null,
13 verbose parsed url   query: null,
13 verbose parsed url   pathname: 'cookie-parser@~1.3.4',
13 verbose parsed url   path: 'cookie-parser@~1.3.4',
13 verbose parsed url   href: 'cookie-parser@~1.3.4' }
14 verbose cache add [ 'debug@~2.1.1', null ]
15 verbose cache add name=undefined spec="debug@~2.1.1" args=["debug@~2.1.1",null]
16 verbose parsed url { protocol: null,
16 verbose parsed url   slashes: null,
16 verbose parsed url   auth: null,
16 verbose parsed url   host: null,
16 verbose parsed url   port: null,
16 verbose parsed url   hostname: null,
16 verbose parsed url   hash: null,
16 verbose parsed url   search: null,
16 verbose parsed url   query: null,
16 verbose parsed url   pathname: 'debug@~2.1.1',
16 verbose parsed url   path: 'debug@~2.1.1',
16 verbose parsed url   href: 'debug@~2.1.1' }
17 verbose cache add [ 'express@~4.12.2', null ]
18 verbose cache add name=undefined spec="express@~4.12.2" args=["express@~4.12.2",null]
19 verbose parsed url { protocol: null,
19 verbose parsed url   slashes: null,
19 verbose parsed url   auth: null,
19 verbose parsed url   host: null,
19 verbose parsed url   port: null,
19 verbose parsed url   hostname: null,
19 verbose parsed url   hash: null,
19 verbose parsed url   search: null,
19 verbose parsed url   query: null,
19 verbose parsed url   pathname: 'express@~4.12.2',
19 verbose parsed url   path: 'express@~4.12.2',
19 verbose parsed url   href: 'express@~4.12.2' }
20 verbose cache add [ 'jade@~1.9.2', null ]
21 verbose cache add name=undefined spec="jade@~1.9.2" args=["jade@~1.9.2",null]
22 verbose parsed url { protocol: null,
22 verbose parsed url   slashes: null,
22 verbose parsed url   auth: null,
22 verbose parsed url   host: null,
22 verbose parsed url   port: null,
22 verbose parsed url   hostname: null,
22 verbose parsed url   hash: null,
22 verbose parsed url   search: null,
22 verbose parsed url   query: null,
22 verbose parsed url   pathname: 'jade@~1.9.2',
22 verbose parsed url   path: 'jade@~1.9.2',
22 verbose parsed url   href: 'jade@~1.9.2' }
23 verbose cache add [ 'morgan@~1.5.1', null ]
24 verbose cache add name=undefined spec="morgan@~1.5.1" args=["morgan@~1.5.1",null]
25 verbose parsed url { protocol: null,
25 verbose parsed url   slashes: null,
25 verbose parsed url   auth: null,
25 verbose parsed url   host: null,
25 verbose parsed url   port: null,
25 verbose parsed url   hostname: null,
25 verbose parsed url   hash: null,
25 verbose parsed url   search: null,
25 verbose parsed url   query: null,
25 verbose parsed url   pathname: 'morgan@~1.5.1',
25 verbose parsed url   path: 'morgan@~1.5.1',
25 verbose parsed url   href: 'morgan@~1.5.1' }
26 verbose cache add [ 'serve-favicon@~2.2.0', null ]
27 verbose cache add name=undefined spec="serve-favicon@~2.2.0" args=["serve-favicon@~2.2.0",null]
28 verbose parsed url { protocol: null,
28 verbose parsed url   slashes: null,
28 verbose parsed url   auth: null,
28 verbose parsed url   host: null,
28 verbose parsed url   port: null,
28 verbose parsed url   hostname: null,
28 verbose parsed url   hash: null,
28 verbose parsed url   search: null,
28 verbose parsed url   query: null,
28 verbose parsed url   pathname: 'serve-favicon@~2.2.0',
28 verbose parsed url   path: 'serve-favicon@~2.2.0',
28 verbose parsed url   href: 'serve-favicon@~2.2.0' }
29 verbose cache add name="body-parser" spec="~1.12.0" args=["body-parser","~1.12.0"]
30 verbose parsed url { protocol: null,
30 verbose parsed url   slashes: null,
30 verbose parsed url   auth: null,
30 verbose parsed url   host: null,
30 verbose parsed url   port: null,
30 verbose parsed url   hostname: null,
30 verbose parsed url   hash: null,
30 verbose parsed url   search: null,
30 verbose parsed url   query: null,
30 verbose parsed url   pathname: '~1.12.0',
30 verbose parsed url   path: '~1.12.0',
30 verbose parsed url   href: '~1.12.0' }
31 verbose addNamed [ 'body-parser', '~1.12.0' ]
32 verbose addNamed [ null, '>=1.12.0-0 <1.13.0-0' ]
33 verbose cache add name="cookie-parser" spec="~1.3.4" args=["cookie-parser","~1.3.4"]
34 verbose parsed url { protocol: null,
34 verbose parsed url   slashes: null,
34 verbose parsed url   auth: null,
34 verbose parsed url   host: null,
34 verbose parsed url   port: null,
34 verbose parsed url   hostname: null,
34 verbose parsed url   hash: null,
34 verbose parsed url   search: null,
34 verbose parsed url   query: null,
34 verbose parsed url   pathname: '~1.3.4',
34 verbose parsed url   path: '~1.3.4',
34 verbose parsed url   href: '~1.3.4' }
35 verbose addNamed [ 'cookie-parser', '~1.3.4' ]
36 verbose addNamed [ null, '>=1.3.4-0 <1.4.0-0' ]
37 verbose cache add name="debug" spec="~2.1.1" args=["debug","~2.1.1"]
38 verbose parsed url { protocol: null,
38 verbose parsed url   slashes: null,
38 verbose parsed url   auth: null,
38 verbose parsed url   host: null,
38 verbose parsed url   port: null,
38 verbose parsed url   hostname: null,
38 verbose parsed url   hash: null,
38 verbose parsed url   search: null,
38 verbose parsed url   query: null,
38 verbose parsed url   pathname: '~2.1.1',
38 verbose parsed url   path: '~2.1.1',
38 verbose parsed url   href: '~2.1.1' }
39 verbose addNamed [ 'debug', '~2.1.1' ]
40 verbose addNamed [ null, '>=2.1.1-0 <2.2.0-0' ]
41 verbose cache add name="express" spec="~4.12.2" args=["express","~4.12.2"]
42 verbose parsed url { protocol: null,
42 verbose parsed url   slashes: null,
42 verbose parsed url   auth: null,
42 verbose parsed url   host: null,
42 verbose parsed url   port: null,
42 verbose parsed url   hostname: null,
42 verbose parsed url   hash: null,
42 verbose parsed url   search: null,
42 verbose parsed url   query: null,
42 verbose parsed url   pathname: '~4.12.2',
42 verbose parsed url   path: '~4.12.2',
42 verbose parsed url   href: '~4.12.2' }
43 verbose addNamed [ 'express', '~4.12.2' ]
44 verbose addNamed [ null, '>=4.12.2-0 <4.13.0-0' ]
45 verbose cache add name="jade" spec="~1.9.2" args=["jade","~1.9.2"]
46 verbose parsed url { protocol: null,
46 verbose parsed url   slashes: null,
46 verbose parsed url   auth: null,
46 verbose parsed url   host: null,
46 verbose parsed url   port: null,
46 verbose parsed url   hostname: null,
46 verbose parsed url   hash: null,
46 verbose parsed url   search: null,
46 verbose parsed url   query: null,
46 verbose parsed url   pathname: '~1.9.2',
46 verbose parsed url   path: '~1.9.2',
46 verbose parsed url   href: '~1.9.2' }
47 verbose addNamed [ 'jade', '~1.9.2' ]
48 verbose addNamed [ null, '>=1.9.2-0 <1.10.0-0' ]
49 verbose cache add name="morgan" spec="~1.5.1" args=["morgan","~1.5.1"]
50 verbose parsed url { protocol: null,
50 verbose parsed url   slashes: null,
50 verbose parsed url   auth: null,
50 verbose parsed url   host: null,
50 verbose parsed url   port: null,
50 verbose parsed url   hostname: null,
50 verbose parsed url   hash: null,
50 verbose parsed url   search: null,
50 verbose parsed url   query: null,
50 verbose parsed url   pathname: '~1.5.1',
50 verbose parsed url   path: '~1.5.1',
50 verbose parsed url   href: '~1.5.1' }
51 verbose addNamed [ 'morgan', '~1.5.1' ]
52 verbose addNamed [ null, '>=1.5.1-0 <1.6.0-0' ]
53 verbose cache add name="serve-favicon" spec="~2.2.0" args=["serve-favicon","~2.2.0"]
54 verbose parsed url { protocol: null,
54 verbose parsed url   slashes: null,
54 verbose parsed url   auth: null,
54 verbose parsed url   host: null,
54 verbose parsed url   port: null,
54 verbose parsed url   hostname: null,
54 verbose parsed url   hash: null,
54 verbose parsed url   search: null,
54 verbose parsed url   query: null,
54 verbose parsed url   pathname: '~2.2.0',
54 verbose parsed url   path: '~2.2.0',
54 verbose parsed url   href: '~2.2.0' }
55 verbose addNamed [ 'serve-favicon', '~2.2.0' ]
56 verbose addNamed [ null, '>=2.2.0-0 <2.3.0-0' ]
57 silly lockFile 6121e062-body-parser-1-12-0 body-parser@~1.12.0
58 verbose lock body-parser@~1.12.0 /home/carlos/.npm/6121e062-body-parser-1-12-0.lock
59 silly lockFile bb69fa92-cookie-parser-1-3-4 cookie-parser@~1.3.4
60 verbose lock cookie-parser@~1.3.4 /home/carlos/.npm/bb69fa92-cookie-parser-1-3-4.lock
61 silly lockFile 09d11068-debug-2-1-1 debug@~2.1.1
62 verbose lock debug@~2.1.1 /home/carlos/.npm/09d11068-debug-2-1-1.lock
63 silly lockFile 702f5120-express-4-12-2 express@~4.12.2
64 verbose lock express@~4.12.2 /home/carlos/.npm/702f5120-express-4-12-2.lock
65 silly lockFile ee522cbd-jade-1-9-2 jade@~1.9.2
66 verbose lock jade@~1.9.2 /home/carlos/.npm/ee522cbd-jade-1-9-2.lock
67 silly lockFile 66ba047d-morgan-1-5-1 morgan@~1.5.1
68 verbose lock morgan@~1.5.1 /home/carlos/.npm/66ba047d-morgan-1-5-1.lock
69 silly lockFile 9df5bad7-serve-favicon-2-2-0 serve-favicon@~2.2.0
70 verbose lock serve-favicon@~2.2.0 /home/carlos/.npm/9df5bad7-serve-favicon-2-2-0.lock
71 silly addNameRange { name: 'body-parser',
71 silly addNameRange   range: '>=1.12.0-0 <1.13.0-0',
71 silly addNameRange   hasData: false }
72 silly addNameRange { name: 'cookie-parser',
72 silly addNameRange   range: '>=1.3.4-0 <1.4.0-0',
72 silly addNameRange   hasData: false }
73 silly addNameRange { name: 'debug', range: '>=2.1.1-0 <2.2.0-0', hasData: false }
74 silly addNameRange { name: 'express',
74 silly addNameRange   range: '>=4.12.2-0 <4.13.0-0',
74 silly addNameRange   hasData: false }
75 silly addNameRange { name: 'jade', range: '>=1.9.2-0 <1.10.0-0', hasData: false }
76 silly addNameRange { name: 'morgan', range: '>=1.5.1-0 <1.6.0-0', hasData: false }
77 silly addNameRange { name: 'serve-favicon',
77 silly addNameRange   range: '>=2.2.0-0 <2.3.0-0',
77 silly addNameRange   hasData: false }
78 verbose request where is /body-parser
79 verbose request registry https://registry.npmjs.org/
80 verbose request id 3a52a0ca109f03c3
81 verbose url raw /body-parser
82 verbose url resolving [ 'https://registry.npmjs.org/', './body-parser' ]
83 verbose url resolved https://registry.npmjs.org/body-parser
84 verbose request where is https://registry.npmjs.org/body-parser
85 info trying registry request attempt 1 at 13:13:05
86 verbose etag "5U162J6L98WOUX6EMR4KDUBT6"
87 http GET https://registry.npmjs.org/body-parser
88 verbose request where is /cookie-parser
89 verbose request registry https://registry.npmjs.org/
90 verbose url raw /cookie-parser
91 verbose url resolving [ 'https://registry.npmjs.org/', './cookie-parser' ]
92 verbose url resolved https://registry.npmjs.org/cookie-parser
93 verbose request where is https://registry.npmjs.org/cookie-parser
94 info trying registry request attempt 1 at 13:13:05
95 verbose etag "7JJDF8DNBUCN3NW39YQI3E17Z"
96 http GET https://registry.npmjs.org/cookie-parser
97 verbose request where is /morgan
98 verbose request registry https://registry.npmjs.org/
99 verbose url raw /morgan
100 verbose url resolving [ 'https://registry.npmjs.org/', './morgan' ]
101 verbose url resolved https://registry.npmjs.org/morgan
102 verbose request where is https://registry.npmjs.org/morgan
103 info trying registry request attempt 1 at 13:13:05
104 verbose etag "97RGQ0MM1ZLF0X3ISAH2NGM3A"
105 http GET https://registry.npmjs.org/morgan
106 verbose request where is /debug
107 verbose request registry https://registry.npmjs.org/
108 verbose url raw /debug
109 verbose url resolving [ 'https://registry.npmjs.org/', './debug' ]
110 verbose url resolved https://registry.npmjs.org/debug
111 verbose request where is https://registry.npmjs.org/debug
112 info trying registry request attempt 1 at 13:13:05
113 verbose etag "BQA8S6UJ3UYSRV68YMXQF0K3L"
114 http GET https://registry.npmjs.org/debug
115 verbose request where is /serve-favicon
116 verbose request registry https://registry.npmjs.org/
117 verbose url raw /serve-favicon
118 verbose url resolving [ 'https://registry.npmjs.org/', './serve-favicon' ]
119 verbose url resolved https://registry.npmjs.org/serve-favicon
120 verbose request where is https://registry.npmjs.org/serve-favicon
121 info trying registry request attempt 1 at 13:13:05
122 verbose etag "E5BSLOF3LLVN5Z1U3UXYTQLI9"
123 http GET https://registry.npmjs.org/serve-favicon
124 verbose request where is /express
125 verbose request registry https://registry.npmjs.org/
126 verbose url raw /express
127 verbose url resolving [ 'https://registry.npmjs.org/', './express' ]
128 verbose url resolved https://registry.npmjs.org/express
129 verbose request where is https://registry.npmjs.org/express
130 info trying registry request attempt 1 at 13:13:05
131 verbose etag "253RKHERKGLK77P6F7R6MZEZ9"
132 http GET https://registry.npmjs.org/express
133 verbose request where is /jade
134 verbose request registry https://registry.npmjs.org/
135 verbose url raw /jade
136 verbose url resolving [ 'https://registry.npmjs.org/', './jade' ]
137 verbose url resolved https://registry.npmjs.org/jade
138 verbose request where is https://registry.npmjs.org/jade
139 info trying registry request attempt 1 at 13:13:05
140 verbose etag "90M3ZRQA8Z7X0T8VV1EHZBY13"
141 http GET https://registry.npmjs.org/jade
142 http 304 https://registry.npmjs.org/serve-favicon
143 silly registry.get cb [ 304,
143 silly registry.get   { date: 'Mon, 13 Apr 2015 12:13:05 GMT',
143 silly registry.get     server: 'Apache',
143 silly registry.get     via: '1.1 varnish',
143 silly registry.get     'last-modified': 'Mon, 13 Apr 2015 12:13:05 GMT',
143 silly registry.get     'cache-control': 'max-age=60',
143 silly registry.get     etag: '"E5BSLOF3LLVN5Z1U3UXYTQLI9"',
143 silly registry.get     age: '0',
143 silly registry.get     'x-served-by': 'cache-lhr6329-LHR',
143 silly registry.get     'x-cache': 'HIT',
143 silly registry.get     'x-cache-hits': '1',
143 silly registry.get     'x-timer': 'S1428927185.503362,VS0,VE91',
143 silly registry.get     vary: 'Accept',
143 silly registry.get     'content-length': '0',
143 silly registry.get     'keep-alive': 'timeout=10, max=50',
143 silly registry.get     connection: 'Keep-Alive' } ]
144 verbose etag https://registry.npmjs.org/serve-favicon from cache
145 silly addNameRange number 2 { name: 'serve-favicon',
145 silly addNameRange   range: '>=2.2.0-0 <2.3.0-0',
145 silly addNameRange   hasData: true }
146 silly addNameRange versions [ 'serve-favicon',
146 silly addNameRange   [ '2.0.0',
146 silly addNameRange     '2.0.1',
146 silly addNameRange     '2.1.0',
146 silly addNameRange     '2.1.1',
146 silly addNameRange     '2.1.2',
146 silly addNameRange     '2.1.3',
146 silly addNameRange     '2.1.4',
146 silly addNameRange     '2.1.5',
146 silly addNameRange     '2.1.6',
146 silly addNameRange     '2.1.7',
146 silly addNameRange     '2.2.0' ] ]
147 verbose addNamed [ 'serve-favicon', '2.2.0' ]
148 verbose addNamed [ '2.2.0', '2.2.0' ]
149 silly lockFile cef81d7c-serve-favicon-2-2-0 serve-favicon@2.2.0
150 verbose lock serve-favicon@2.2.0 /home/carlos/.npm/cef81d7c-serve-favicon-2-2-0.lock
151 silly lockFile cf44cf19--favicon-serve-favicon-2-2-0-tgz https://registry.npmjs.org/serve-favicon/-/serve-favicon-2.2.0.tgz
152 verbose lock https://registry.npmjs.org/serve-favicon/-/serve-favicon-2.2.0.tgz /home/carlos/.npm/cf44cf19--favicon-serve-favicon-2-2-0-tgz.lock
153 verbose addRemoteTarball [ 'https://registry.npmjs.org/serve-favicon/-/serve-favicon-2.2.0.tgz',
153 verbose addRemoteTarball   'a0c25ee8a652e1a638a67db46269cd52a8705858' ]
154 info retry fetch attempt 1 at 13:13:06
155 verbose fetch to= /tmp/npm-9106-UJqzPPqK/registry.npmjs.org/serve-favicon/-/serve-favicon-2.2.0.tgz
156 http 200 https://registry.npmjs.org/debug
157 silly registry.get cb [ 200,
157 silly registry.get   { date: 'Mon, 13 Apr 2015 12:13:05 GMT',
157 silly registry.get     server: 'CouchDB/1.5.0 (Erlang OTP/R16B03)',
157 silly registry.get     etag: '"6XMZ9D8W5Z4ZEIE99P7AARAHV"',
157 silly registry.get     'content-type': 'application/json',
157 silly registry.get     'cache-control': 'max-age=60',
157 silly registry.get     'content-length': '32863',
157 silly registry.get     'accept-ranges': 'bytes',
157 silly registry.get     via: '1.1 varnish',
157 silly registry.get     age: '47',
157 silly registry.get     'x-served-by': 'cache-lhr6324-LHR',
157 silly registry.get     'x-cache': 'HIT',
157 silly registry.get     'x-cache-hits': '2',
157 silly registry.get     'x-timer': 'S1428927185.483508,VS0,VE0',
157 silly registry.get     vary: 'Accept',
157 silly registry.get     'keep-alive': 'timeout=10, max=50',
157 silly registry.get     connection: 'Keep-Alive' } ]
158 http GET https://registry.npmjs.org/serve-favicon/-/serve-favicon-2.2.0.tgz
159 http 200 https://registry.npmjs.org/cookie-parser
160 silly registry.get cb [ 200,
160 silly registry.get   { date: 'Mon, 13 Apr 2015 12:13:05 GMT',
160 silly registry.get     server: 'CouchDB/1.5.0 (Erlang OTP/R16B03)',
160 silly registry.get     etag: '"AJ6WN0LMLSQVLTPBI8W0N16EA"',
160 silly registry.get     'content-type': 'application/json',
160 silly registry.get     'cache-control': 'max-age=60',
160 silly registry.get     'content-length': '15536',
160 silly registry.get     'accept-ranges': 'bytes',
160 silly registry.get     via: '1.1 varnish',
160 silly registry.get     age: '0',
160 silly registry.get     'x-served-by': 'cache-lhr6320-LHR',
160 silly registry.get     'x-cache': 'HIT',
160 silly registry.get     'x-cache-hits': '1',
160 silly registry.get     'x-timer': 'S1428927185.452192,VS0,VE86',
160 silly registry.get     vary: 'Accept',
160 silly registry.get     'keep-alive': 'timeout=10, max=50',
160 silly registry.get     connection: 'Keep-Alive' } ]
161 silly addNameRange number 2 { name: 'debug', range: '>=2.1.1-0 <2.2.0-0', hasData: true }
162 silly addNameRange versions [ 'debug',
162 silly addNameRange   [ '0.0.1',
162 silly addNameRange     '0.1.0',
162 silly addNameRange     '0.2.0',
162 silly addNameRange     '0.3.0',
162 silly addNameRange     '0.4.0',
162 silly addNameRange     '0.4.1',
162 silly addNameRange     '0.5.0',
162 silly addNameRange     '0.6.0',
162 silly addNameRange     '0.7.0',
162 silly addNameRange     '0.7.1',
162 silly addNameRange     '0.7.2',
162 silly addNameRange     '0.7.3',
162 silly addNameRange     '0.7.4',
162 silly addNameRange     '0.8.0',
162 silly addNameRange     '0.8.1',
162 silly addNameRange     '1.0.0',
162 silly addNameRange     '1.0.1',
162 silly addNameRange     '1.0.2',
162 silly addNameRange     '1.0.3',
162 silly addNameRange     '1.0.4',
162 silly addNameRange     '2.0.0',
162 silly addNameRange     '2.1.0',
162 silly addNameRange     '2.1.1',
162 silly addNameRange     '2.1.2',
162 silly addNameRange     '2.1.3' ] ]
163 verbose addNamed [ 'debug', '2.1.3' ]
164 verbose addNamed [ '2.1.3', '2.1.3' ]
165 silly lockFile aef7a5b5-debug-2-1-3 debug@2.1.3
166 verbose lock debug@2.1.3 /home/carlos/.npm/aef7a5b5-debug-2-1-3.lock
167 silly addNameRange number 2 { name: 'cookie-parser',
167 silly addNameRange   range: '>=1.3.4-0 <1.4.0-0',
167 silly addNameRange   hasData: true }
168 silly addNameRange versions [ 'cookie-parser',
168 silly addNameRange   [ '1.0.0',
168 silly addNameRange     '1.0.1',
168 silly addNameRange     '1.1.0',
168 silly addNameRange     '1.2.0',
168 silly addNameRange     '1.3.0',
168 silly addNameRange     '1.3.1',
168 silly addNameRange     '1.3.2',
168 silly addNameRange     '1.3.3',
168 silly addNameRange     '1.3.4' ] ]
169 verbose addNamed [ 'cookie-parser', '1.3.4' ]
170 verbose addNamed [ '1.3.4', '1.3.4' ]
171 silly lockFile db8a9715-cookie-parser-1-3-4 cookie-parser@1.3.4
172 verbose lock cookie-parser@1.3.4 /home/carlos/.npm/db8a9715-cookie-parser-1-3-4.lock
173 silly lockFile db8a9715-cookie-parser-1-3-4 cookie-parser@1.3.4
174 silly lockFile db8a9715-cookie-parser-1-3-4 cookie-parser@1.3.4
175 silly lockFile bb69fa92-cookie-parser-1-3-4 cookie-parser@~1.3.4
176 silly lockFile bb69fa92-cookie-parser-1-3-4 cookie-parser@~1.3.4
177 http 200 https://registry.npmjs.org/morgan
178 silly registry.get cb [ 200,
178 silly registry.get   { date: 'Mon, 13 Apr 2015 12:13:05 GMT',
178 silly registry.get     server: 'CouchDB/1.5.0 (Erlang OTP/R16B03)',
178 silly registry.get     etag: '"C8VJ7JUCLHG5IINSV6QZLK3OA"',
178 silly registry.get     'content-type': 'application/json',
178 silly registry.get     'cache-control': 'max-age=60',
178 silly registry.get     'content-length': '34575',
178 silly registry.get     'accept-ranges': 'bytes',
178 silly registry.get     via: '1.1 varnish',
178 silly registry.get     age: '33',
178 silly registry.get     'x-served-by': 'cache-lhr6327-LHR',
178 silly registry.get     'x-cache': 'HIT',
178 silly registry.get     'x-cache-hits': '1',
178 silly registry.get     'x-timer': 'S1428927185.468186,VS0,VE1',
178 silly registry.get     vary: 'Accept',
178 silly registry.get     'keep-alive': 'timeout=10, max=50',
178 silly registry.get     connection: 'Keep-Alive' } ]
179 silly lockFile aef7a5b5-debug-2-1-3 debug@2.1.3
180 silly lockFile aef7a5b5-debug-2-1-3 debug@2.1.3
181 silly lockFile 09d11068-debug-2-1-1 debug@~2.1.1
182 silly lockFile 09d11068-debug-2-1-1 debug@~2.1.1
183 silly addNameRange number 2 { name: 'morgan', range: '>=1.5.1-0 <1.6.0-0', hasData: true }
184 silly addNameRange versions [ 'morgan',
184 silly addNameRange   [ '1.0.0',
184 silly addNameRange     '1.0.1',
184 silly addNameRange     '1.1.0',
184 silly addNameRange     '1.1.1',
184 silly addNameRange     '1.2.0',
184 silly addNameRange     '1.2.1',
184 silly addNameRange     '1.2.2',
184 silly addNameRange     '1.2.3',
184 silly addNameRange     '1.3.0',
184 silly addNameRange     '1.3.1',
184 silly addNameRange     '1.3.2',
184 silly addNameRange     '1.4.0',
184 silly addNameRange     '1.4.1',
184 silly addNameRange     '1.5.0',
184 silly addNameRange     '1.5.1',
184 silly addNameRange     '1.5.2' ] ]
185 verbose addNamed [ 'morgan', '1.5.2' ]
186 verbose addNamed [ '1.5.2', '1.5.2' ]
187 silly lockFile 04d2cfbf-morgan-1-5-2 morgan@1.5.2
188 verbose lock morgan@1.5.2 /home/carlos/.npm/04d2cfbf-morgan-1-5-2.lock
189 silly lockFile 6d25fd37-pmjs-org-morgan-morgan-1-5-2-tgz https://registry.npmjs.org/morgan/-/morgan-1.5.2.tgz
190 verbose lock https://registry.npmjs.org/morgan/-/morgan-1.5.2.tgz /home/carlos/.npm/6d25fd37-pmjs-org-morgan-morgan-1-5-2-tgz.lock
191 verbose addRemoteTarball [ 'https://registry.npmjs.org/morgan/-/morgan-1.5.2.tgz',
191 verbose addRemoteTarball   '34c1a0e7c2d5ad3ed78f0ef3257b8ac7c35d7cff' ]
192 info retry fetch attempt 1 at 13:13:06
193 verbose fetch to= /tmp/npm-9106-UJqzPPqK/registry.npmjs.org/morgan/-/morgan-1.5.2.tgz
194 http GET https://registry.npmjs.org/morgan/-/morgan-1.5.2.tgz
195 http 200 https://registry.npmjs.org/jade
196 silly registry.get cb [ 200,
196 silly registry.get   { date: 'Mon, 13 Apr 2015 12:13:05 GMT',
196 silly registry.get     server: 'CouchDB/1.5.0 (Erlang OTP/R16B03)',
196 silly registry.get     etag: '"9QO6MRKMEDT57S8JJVH37U47S"',
196 silly registry.get     'content-type': 'application/json',
196 silly registry.get     'cache-control': 'max-age=60',
196 silly registry.get     'content-length': '141460',
196 silly registry.get     'accept-ranges': 'bytes',
196 silly registry.get     via: '1.1 varnish',
196 silly registry.get     age: '56',
196 silly registry.get     'x-served-by': 'cache-lhr6324-LHR',
196 silly registry.get     'x-cache': 'HIT',
196 silly registry.get     'x-cache-hits': '2',
196 silly registry.get     'x-timer': 'S1428927185.727326,VS0,VE0',
196 silly registry.get     vary: 'Accept',
196 silly registry.get     'keep-alive': 'timeout=10, max=49',
196 silly registry.get     connection: 'Keep-Alive' } ]
197 silly addNameRange number 2 { name: 'jade', range: '>=1.9.2-0 <1.10.0-0', hasData: true }
198 silly addNameRange versions [ 'jade',
198 silly addNameRange   [ '0.0.1',
198 silly addNameRange     '0.0.2',
198 silly addNameRange     '0.1.0',
198 silly addNameRange     '0.2.0',
198 silly addNameRange     '0.2.1',
198 silly addNameRange     '0.2.2',
198 silly addNameRange     '0.2.3',
198 silly addNameRange     '0.2.4',
198 silly addNameRange     '0.3.0',
198 silly addNameRange     '0.4.0',
198 silly addNameRange     '0.4.1',
198 silly addNameRange     '0.5.0',
198 silly addNameRange     '0.5.1',
198 silly addNameRange     '0.5.2',
198 silly addNameRange     '0.5.3',
198 silly addNameRange     '0.5.4',
198 silly addNameRange     '0.5.5',
198 silly addNameRange     '0.5.6',
198 silly addNameRange     '0.5.7',
198 silly addNameRange     '0.6.0',
198 silly addNameRange     '0.6.1',
198 silly addNameRange     '0.6.3',
198 silly addNameRange     '0.7.0',
198 silly addNameRange     '0.7.1',
198 silly addNameRange     '0.8.0',
198 silly addNameRange     '0.8.1',
198 silly addNameRange     '0.8.2',
198 silly addNameRange     '0.8.3',
198 silly addNameRange     '0.8.4',
198 silly addNameRange     '0.8.5',
198 silly addNameRange     '0.8.6',
198 silly addNameRange     '0.8.7',
198 silly addNameRange     '0.8.8',
198 silly addNameRange     '0.8.9',
198 silly addNameRange     '0.9.0',
198 silly addNameRange     '0.9.1',
198 silly addNameRange     '0.9.2',
198 silly addNameRange     '0.9.3',
198 silly addNameRange     '0.10.0',
198 silly addNameRange     '0.10.1',
198 silly addNameRange     '0.10.2',
198 silly addNameRange     '0.10.3',
198 silly addNameRange     '0.10.4',
198 silly addNameRange     '0.10.5',
198 silly addNameRange     '0.10.6',
198 silly addNameRange     '0.10.7',
198 silly addNameRange     '0.11.0',
198 silly addNameRange     '0.11.1',
198 silly addNameRange     '0.12.0',
198 silly addNameRange     '0.12.1',
198 silly addNameRange     '0.12.2',
198 silly addNameRange     '0.12.3',
198 silly addNameRange     '0.12.4',
198 silly addNameRange     '0.13.0',
198 silly addNameRange     '0.14.0',
198 silly addNameRange     '0.14.1',
198 silly addNameRange     '0.14.2',
198 silly addNameRange     '0.15.0',
198 silly addNameRange     '0.15.1',
198 silly addNameRange     '0.15.2',
198 silly addNameRange     '0.15.3',
198 silly addNameRange     '0.15.4',
198 silly addNameRange     '0.16.0',
198 silly addNameRange     '0.16.1',
198 silly addNameRange     '0.16.2',
198 silly addNameRange     '0.16.3',
198 silly addNameRange     '0.16.4',
198 silly addNameRange     '0.17.0',
198 silly addNameRange     '0.18.0',
198 silly addNameRange     '0.19.0',
198 silly addNameRange     '0.20.0',
198 silly addNameRange     '0.20.1',
198 silly addNameRange     '0.20.2',
198 silly addNameRange     '0.20.3',
198 silly addNameRange     '0.21.0',
198 silly addNameRange     '0.22.0',
198 silly addNameRange     '0.22.1',
198 silly addNameRange     '0.23.0',
198 silly addNameRange     '0.24.0',
198 silly addNameRange     '0.25.0',
198 silly addNameRange     '0.26.0',
198 silly addNameRange     '0.26.1',
198 silly addNameRange     '0.26.2',
198 silly addNameRange     '0.26.3',
198 silly addNameRange     '0.27.0',
198 silly addNameRange     '0.27.1',
198 silly addNameRange     '0.27.2',
198 silly addNameRange     '0.27.3',
198 silly addNameRange     '0.27.4',
198 silly addNameRange     '0.27.5',
198 silly addNameRange     '0.27.6',
198 silly addNameRange     '0.27.7',
198 silly addNameRange     '0.28.0',
198 silly addNameRange     '0.28.1',
198 silly addNameRange     '0.28.2',
198 silly addNameRange     '0.29.0',
198 silly addNameRange     '0.30.0',
198 silly addNameRange     '0.31.0',
198 silly addNameRange     '0.31.1',
198 silly addNameRange     '0.31.2',
198 silly addNameRange     '0.32.0',
198 silly addNameRange     '0.33.0',
198 silly addNameRange     '0.34.0',
198 silly addNameRange     '0.34.1',
198 silly addNameRange     '0.35.0',
198 silly addNameRange     '1.0.0',
198 silly addNameRange     '1.0.1',
198 silly addNameRange     '1.0.2',
198 silly addNameRange     '1.1.0',
198 silly addNameRange     '1.1.1',
198 silly addNameRange     '1.1.2',
198 silly addNameRange     '1.1.3',
198 silly addNameRange     '1.1.4',
198 silly addNameRange     '1.1.5',
198 silly addNameRange     '1.2.0',
198 silly addNameRange     '1.3.0',
198 silly addNameRange     '1.3.1',
198 silly addNameRange     '1.4.0',
198 silly addNameRange     '1.4.1',
198 silly addNameRange     '1.4.2',
198 silly addNameRange     '1.5.0',
198 silly addNameRange     '1.6.0',
198 silly addNameRange     '1.7.0',
198 silly addNameRange     '1.8.0',
198 silly addNameRange     '1.8.1',
198 silly addNameRange     '1.8.2',
198 silly addNameRange     '1.9.0',
198 silly addNameRange     '1.9.1',
198 silly addNameRange     '1.9.2' ] ]
199 verbose addNamed [ 'jade', '1.9.2' ]
200 verbose addNamed [ '1.9.2', '1.9.2' ]
201 silly lockFile 20e0e06b-jade-1-9-2 jade@1.9.2
202 verbose lock jade@1.9.2 /home/carlos/.npm/20e0e06b-jade-1-9-2.lock
203 silly lockFile 481cf773-ry-npmjs-org-jade-jade-1-9-2-tgz https://registry.npmjs.org/jade/-/jade-1.9.2.tgz
204 verbose lock https://registry.npmjs.org/jade/-/jade-1.9.2.tgz /home/carlos/.npm/481cf773-ry-npmjs-org-jade-jade-1-9-2-tgz.lock
205 verbose addRemoteTarball [ 'https://registry.npmjs.org/jade/-/jade-1.9.2.tgz',
205 verbose addRemoteTarball   '0b89f9c60d4ead2738e826ba7b2ccac9a5702abe' ]
206 info retry fetch attempt 1 at 13:13:06
207 verbose fetch to= /tmp/npm-9106-UJqzPPqK/registry.npmjs.org/jade/-/jade-1.9.2.tgz
208 http GET https://registry.npmjs.org/jade/-/jade-1.9.2.tgz
209 http 200 https://registry.npmjs.org/serve-favicon/-/serve-favicon-2.2.0.tgz
210 silly lockFile cf44cf19--favicon-serve-favicon-2-2-0-tgz https://registry.npmjs.org/serve-favicon/-/serve-favicon-2.2.0.tgz
211 silly lockFile cf44cf19--favicon-serve-favicon-2-2-0-tgz https://registry.npmjs.org/serve-favicon/-/serve-favicon-2.2.0.tgz
212 silly lockFile cef81d7c-serve-favicon-2-2-0 serve-favicon@2.2.0
213 silly lockFile cef81d7c-serve-favicon-2-2-0 serve-favicon@2.2.0
214 silly lockFile 9df5bad7-serve-favicon-2-2-0 serve-favicon@~2.2.0
215 silly lockFile 9df5bad7-serve-favicon-2-2-0 serve-favicon@~2.2.0
216 http 200 https://registry.npmjs.org/morgan/-/morgan-1.5.2.tgz
217 silly lockFile 6d25fd37-pmjs-org-morgan-morgan-1-5-2-tgz https://registry.npmjs.org/morgan/-/morgan-1.5.2.tgz
218 silly lockFile 6d25fd37-pmjs-org-morgan-morgan-1-5-2-tgz https://registry.npmjs.org/morgan/-/morgan-1.5.2.tgz
219 silly lockFile 04d2cfbf-morgan-1-5-2 morgan@1.5.2
220 silly lockFile 04d2cfbf-morgan-1-5-2 morgan@1.5.2
221 silly lockFile 66ba047d-morgan-1-5-1 morgan@~1.5.1
222 silly lockFile 66ba047d-morgan-1-5-1 morgan@~1.5.1
223 http 200 https://registry.npmjs.org/body-parser
224 silly registry.get cb [ 200,
224 silly registry.get   { date: 'Mon, 13 Apr 2015 12:13:06 GMT',
224 silly registry.get     server: 'CouchDB/1.5.0 (Erlang OTP/R16B03)',
224 silly registry.get     etag: '"70USRUTSBFDCV9YEWWH2YFTMB"',
224 silly registry.get     'content-type': 'application/json',
224 silly registry.get     'cache-control': 'max-age=60',
224 silly registry.get     'content-length': '90756',
224 silly registry.get     'accept-ranges': 'bytes',
224 silly registry.get     via: '1.1 varnish',
224 silly registry.get     age: '0',
224 silly registry.get     'x-served-by': 'cache-lhr6327-LHR',
224 silly registry.get     'x-cache': 'HIT',
224 silly registry.get     'x-cache-hits': '1',
224 silly registry.get     'x-timer': 'S1428927185.448536,VS0,VE693',
224 silly registry.get     vary: 'Accept',
224 silly registry.get     'keep-alive': 'timeout=10, max=50',
224 silly registry.get     connection: 'Keep-Alive' } ]
225 silly addNameRange number 2 { name: 'body-parser',
225 silly addNameRange   range: '>=1.12.0-0 <1.13.0-0',
225 silly addNameRange   hasData: true }
226 silly addNameRange versions [ 'body-parser',
226 silly addNameRange   [ '1.0.0',
226 silly addNameRange     '1.0.1',
226 silly addNameRange     '1.0.2',
226 silly addNameRange     '1.1.0',
226 silly addNameRange     '1.1.1',
226 silly addNameRange     '1.1.2',
226 silly addNameRange     '1.2.0',
226 silly addNameRange     '1.2.1',
226 silly addNameRange     '1.2.2',
226 silly addNameRange     '1.3.0',
226 silly addNameRange     '1.3.1',
226 silly addNameRange     '1.4.0',
226 silly addNameRange     '1.4.1',
226 silly addNameRange     '1.4.2',
226 silly addNameRange     '1.4.3',
226 silly addNameRange     '1.5.0',
226 silly addNameRange     '1.5.1',
226 silly addNameRange     '1.5.2',
226 silly addNameRange     '1.6.0',
226 silly addNameRange     '1.6.1',
226 silly addNameRange     '1.6.2',
226 silly addNameRange     '1.6.3',
226 silly addNameRange     '1.6.4',
226 silly addNameRange     '1.6.5',
226 silly addNameRange     '1.6.6',
226 silly addNameRange     '1.6.7',
226 silly addNameRange     '1.7.0',
226 silly addNameRange     '1.8.0',
226 silly addNameRange     '1.8.1',
226 silly addNameRange     '1.8.2',
226 silly addNameRange     '1.8.3',
226 silly addNameRange     '1.8.4',
226 silly addNameRange     '1.9.0',
226 silly addNameRange     '1.9.1',
226 silly addNameRange     '1.9.2',
226 silly addNameRange     '1.9.3',
226 silly addNameRange     '1.10.0',
226 silly addNameRange     '1.10.1',
226 silly addNameRange     '1.10.2',
226 silly addNameRange     '1.11.0',
226 silly addNameRange     '1.12.0',
226 silly addNameRange     '1.12.1',
226 silly addNameRange     '1.12.2' ] ]
227 verbose addNamed [ 'body-parser', '1.12.2' ]
228 verbose addNamed [ '1.12.2', '1.12.2' ]
229 silly lockFile 76f09536-body-parser-1-12-2 body-parser@1.12.2
230 verbose lock body-parser@1.12.2 /home/carlos/.npm/76f09536-body-parser-1-12-2.lock
231 silly lockFile 76f09536-body-parser-1-12-2 body-parser@1.12.2
232 silly lockFile 76f09536-body-parser-1-12-2 body-parser@1.12.2
233 silly lockFile 6121e062-body-parser-1-12-0 body-parser@~1.12.0
234 silly lockFile 6121e062-body-parser-1-12-0 body-parser@~1.12.0
235 http 200 https://registry.npmjs.org/jade/-/jade-1.9.2.tgz
236 http 200 https://registry.npmjs.org/express
237 silly registry.get cb [ 200,
237 silly registry.get   { date: 'Mon, 13 Apr 2015 12:13:05 GMT',
237 silly registry.get     server: 'CouchDB/1.5.0 (Erlang OTP/R16B03)',
237 silly registry.get     etag: '"CA6FCGP0P1DA3K5E0QJW72MYV"',
237 silly registry.get     'content-type': 'application/json',
237 silly registry.get     'cache-control': 'max-age=60',
237 silly registry.get     'content-length': '492224',
237 silly registry.get     'accept-ranges': 'bytes',
237 silly registry.get     via: '1.1 varnish',
237 silly registry.get     age: '51',
237 silly registry.get     'x-served-by': 'cache-lhr6329-LHR',
237 silly registry.get     'x-cache': 'HIT',
237 silly registry.get     'x-cache-hits': '3',
237 silly registry.get     'x-timer': 'S1428927185.707774,VS0,VE0',
237 silly registry.get     vary: 'Accept',
237 silly registry.get     'keep-alive': 'timeout=10, max=49',
237 silly registry.get     connection: 'Keep-Alive' } ]
238 silly addNameRange number 2 { name: 'express', range: '>=4.12.2-0 <4.13.0-0', hasData: true }
239 silly addNameRange versions [ 'express',
239 silly addNameRange   [ '0.14.0',
239 silly addNameRange     '0.14.1',
239 silly addNameRange     '1.0.0',
239 silly addNameRange     '1.0.1',
239 silly addNameRange     '1.0.2',
239 silly addNameRange     '1.0.3',
239 silly addNameRange     '1.0.4',
239 silly addNameRange     '1.0.5',
239 silly addNameRange     '1.0.6',
239 silly addNameRange     '1.0.7',
239 silly addNameRange     '1.0.8',
239 silly addNameRange     '2.0.0',
239 silly addNameRange     '2.1.0',
239 silly addNameRange     '2.1.1',
239 silly addNameRange     '2.2.0',
239 silly addNameRange     '2.2.1',
239 silly addNameRange     '2.2.2',
239 silly addNameRange     '2.3.0',
239 silly addNameRange     '2.3.1',
239 silly addNameRange     '2.3.2',
239 silly addNameRange     '2.3.3',
239 silly addNameRange     '2.3.4',
239 silly addNameRange     '2.3.5',
239 silly addNameRange     '2.3.6',
239 silly addNameRange     '2.3.7',
239 silly addNameRange     '2.3.8',
239 silly addNameRange     '2.3.9',
239 silly addNameRange     '2.3.10',
239 silly addNameRange     '2.3.11',
239 silly addNameRange     '2.3.12',
239 silly addNameRange     '2.4.0',
239 silly addNameRange     '2.4.1',
239 silly addNameRange     '2.4.2',
239 silly addNameRange     '2.4.3',
239 silly addNameRange     '2.4.4',
239 silly addNameRange     '2.4.5',
239 silly addNameRange     '2.4.6',
239 silly addNameRange     '2.4.7',
239 silly addNameRange     '2.5.0',
239 silly addNameRange     '2.5.1',
239 silly addNameRange     '2.5.2',
239 silly addNameRange     '2.5.3',
239 silly addNameRange     '2.5.4',
239 silly addNameRange     '2.5.5',
239 silly addNameRange     '2.5.6',
239 silly addNameRange     '2.5.7',
239 silly addNameRange     '2.5.8',
239 silly addNameRange     '2.5.9',
239 silly addNameRange     '2.5.10',
239 silly addNameRange     '2.5.11',
239 silly addNameRange     '3.0.0',
239 silly addNameRange     '3.0.1',
239 silly addNameRange     '3.0.2',
239 silly addNameRange     '3.0.3',
239 silly addNameRange     '3.0.4',
239 silly addNameRange     '3.0.5',
239 silly addNameRange     '3.0.6',
239 silly addNameRange     '3.1.0',
239 silly addNameRange     '3.1.1',
239 silly addNameRange     '3.1.2',
239 silly addNameRange     '3.2.0',
239 silly addNameRange     '3.2.1',
239 silly addNameRange     '3.2.2',
239 silly addNameRange     '3.2.3',
239 silly addNameRange     '3.2.4',
239 silly addNameRange     '3.2.5',
239 silly addNameRange     '3.2.6',
239 silly addNameRange     '3.3.0',
239 silly addNameRange     '3.3.1',
239 silly addNameRange     '3.3.2',
239 silly addNameRange     '3.3.3',
239 silly addNameRange     '3.3.4',
239 silly addNameRange     '3.3.5',
239 silly addNameRange     '3.3.6',
239 silly addNameRange     '1.0.0-beta',
239 silly addNameRange     '1.0.0-beta2',
239 silly addNameRange     '1.0.0-rc',
239 silly addNameRange     '1.0.0-rc2',
239 silly addNameRange     '1.0.0-rc3',
239 silly addNameRange     '1.0.0-rc4',
239 silly addNameRange     '2.0.0-beta',
239 silly addNameRange     '2.0.0-beta2',
239 silly addNameRange     '2.0.0-beta3',
239 silly addNameRange     '2.0.0-rc',
239 silly addNameRange     '2.0.0-rc2',
239 silly addNameRange     '2.0.0-rc3',
239 silly addNameRange     '3.0.0-alpha1',
239 silly addNameRange     '3.0.0-alpha2',
239 silly addNameRange     '3.0.0-alpha3',
239 silly addNameRange     '3.0.0-alpha4',
239 silly addNameRange     '3.0.0-alpha5',
239 silly addNameRange     '3.0.0-beta1',
239 silly addNameRange     '3.0.0-beta2',
239 silly addNameRange     '3.0.0-beta3',
239 silly addNameRange     '3.0.0-beta4',
239 silly addNameRange     '3.0.0-beta6',
239 silly addNameRange     '3.0.0-beta7',
239 silly addNameRange     '3.0.0-rc1',
239 silly addNameRange     '3.0.0-rc2',
239 silly addNameRange     '3.0.0-rc3',
239 silly addNameRange     '3.0.0-rc4',
239 silly addNameRange     '3.0.0-rc5',
239 silly addNameRange     '3.3.7',
239 silly addNameRange     '3.3.8',
239 silly addNameRange     '3.4.0',
239 silly addNameRange     '3.4.1',
239 silly addNameRange     '3.4.2',
239 silly addNameRange     '3.4.3',
239 silly addNameRange     '3.4.4',
239 silly addNameRange     '3.4.5',
239 silly addNameRange     '3.4.6',
239 silly addNameRange     '3.4.7',
239 silly addNameRange     '3.4.8',
239 silly addNameRange     '4.0.0-rc1',
239 silly addNameRange     '4.0.0-rc2',
239 silly addNameRange     '3.5.0',
239 silly addNameRange     '4.0.0-rc3',
239 silly addNameRange     '4.0.0-rc4',
239 silly addNameRange     '3.5.1',
239 silly addNameRange     '4.0.0',
239 silly addNameRange     '3.5.2',
239 silly addNameRange     '4.1.0',
239 silly addNameRange     '4.1.1',
239 silly addNameRange     '3.5.3',
239 silly addNameRange     '4.1.2',
239 silly addNameRange     '3.6.0',
239 silly addNameRange     '4.2.0',
239 silly addNameRange     '3.7.0',
239 silly addNameRange     '3.8.0',
239 silly addNameRange     '4.3.0',
239 silly addNameRange     '4.3.1',
239 silly addNameRange     '3.8.1',
239 silly addNameRange     '4.3.2',
239 silly addNameRange     '3.9.0',
239 silly addNameRange     '4.4.0',
239 silly addNameRange     '4.4.1',
239 silly addNameRange     '3.10.0',
239 silly addNameRange     '3.10.1',
239 silly addNameRange     '3.10.2',
239 silly addNameRange     '3.10.3',
239 silly addNameRange     '3.10.4',
239 silly addNameRange     '4.4.2',
239 silly addNameRange     '3.10.5',
239 silly addNameRange     '4.4.3',
239 silly addNameRange     '3.11.0',
239 silly addNameRange     '4.4.4',
239 silly addNameRange     '3.12.0',
239 silly addNameRange     '3.12.1',
239 silly addNameRange     '4.4.5',
239 silly addNameRange     '3.13.0',
239 silly addNameRange     '4.5.0',
239 silly addNameRange     '4.5.1',
239 silly addNameRange     '3.14.0',
239 silly addNameRange     '4.6.0',
239 silly addNameRange     '4.6.1',
239 silly addNameRange     '3.15.0',
239 silly addNameRange     '4.7.0',
239 silly addNameRange     '3.15.1',
239 silly addNameRange     '4.7.1',
239 silly addNameRange     '3.15.2',
239 silly addNameRange     '4.7.2',
239 silly addNameRange     '4.7.3',
239 silly addNameRange     '3.15.3',
239 silly addNameRange     '4.7.4',
239 silly addNameRange     '3.16.0',
239 silly addNameRange     '4.8.0',
239 silly addNameRange     '3.16.1',
239 silly addNameRange     '4.8.1',
239 silly addNameRange     '3.16.2',
239 silly addNameRange     '4.8.2',
239 silly addNameRange     '3.16.3',
239 silly addNameRange     '3.16.4',
239 silly addNameRange     '4.8.3',
239 silly addNameRange     '3.16.5',
239 silly addNameRange     '3.16.6',
239 silly addNameRange     '4.8.4',
239 silly addNameRange     '3.16.7',
239 silly addNameRange     '4.8.5',
239 silly addNameRange     '3.16.8',
239 silly addNameRange     '4.8.6',
239 silly addNameRange     '3.16.9',
239 silly addNameRange     '4.8.7',
239 silly addNameRange     '3.16.10',
239 silly addNameRange     '4.8.8',
239 silly addNameRange     '3.17.0',
239 silly addNameRange     '3.17.1',
239 silly addNameRange     '4.9.0',
239 silly addNameRange     '3.17.2',
239 silly addNameRange     '4.9.1',
239 silly addNameRange     '4.9.2',
239 silly addNameRange     '3.17.3',
239 silly addNameRange     '4.9.3',
239 silly addNameRange     '3.17.4',
239 silly addNameRange     '4.9.4',
239 silly addNameRange     '3.17.5',
239 silly addNameRange     '4.9.5',
239 silly addNameRange     '3.17.6',
239 silly addNameRange     '3.17.7',
239 silly addNameRange     '4.9.6',
239 silly addNameRange     '4.9.7',
239 silly addNameRange     '3.17.8',
239 silly addNameRange     '4.9.8',
239 silly addNameRange     '3.18.0',
239 silly addNameRange     '3.18.1',
239 silly addNameRange     '4.10.0',
239 silly addNameRange     '3.18.2',
239 silly addNameRange     '4.10.1',
239 silly addNameRange     '5.0.0-alpha.1',
239 silly addNameRange     '3.18.3',
239 silly addNameRange     '4.10.2',
239 silly addNameRange     '3.18.4',
239 silly addNameRange     '4.10.3',
239 silly addNameRange     '4.10.4',
239 silly addNameRange     '4.10.5',
239 silly addNameRange     '3.18.5',
239 silly addNameRange     '3.18.6',
239 silly addNameRange     '4.10.6',
239 silly addNameRange     '4.10.7',
239 silly addNameRange     '3.19.0',
239 silly addNameRange     '4.10.8',
239 silly addNameRange     '4.11.0',
239 silly addNameRange     '3.19.1',
239 silly addNameRange     '4.11.1',
239 silly addNameRange     '3.19.2',
239 silly addNameRange     '4.11.2',
239 silly addNameRange     '3.20.0',
239 silly addNameRange     '4.12.0',
239 silly addNameRange     '3.20.1',
239 silly addNameRange     '4.12.1',
239 silly addNameRange     '4.12.2',
239 silly addNameRange     '3.20.2',
239 silly addNameRange     '4.12.3' ] ]
240 verbose addNamed [ 'express', '4.12.3' ]
241 verbose addNamed [ '4.12.3', '4.12.3' ]
242 silly lockFile 0b3fc563-express-4-12-3 express@4.12.3
243 verbose lock express@4.12.3 /home/carlos/.npm/0b3fc563-express-4-12-3.lock
244 silly lockFile 0b3fc563-express-4-12-3 express@4.12.3
245 silly lockFile 0b3fc563-express-4-12-3 express@4.12.3
246 silly lockFile 702f5120-express-4-12-2 express@~4.12.2
247 silly lockFile 702f5120-express-4-12-2 express@~4.12.2
248 silly lockFile 481cf773-ry-npmjs-org-jade-jade-1-9-2-tgz https://registry.npmjs.org/jade/-/jade-1.9.2.tgz
249 silly lockFile 481cf773-ry-npmjs-org-jade-jade-1-9-2-tgz https://registry.npmjs.org/jade/-/jade-1.9.2.tgz
250 silly lockFile 20e0e06b-jade-1-9-2 jade@1.9.2
251 silly lockFile 20e0e06b-jade-1-9-2 jade@1.9.2
252 silly lockFile ee522cbd-jade-1-9-2 jade@~1.9.2
253 silly lockFile ee522cbd-jade-1-9-2 jade@~1.9.2
254 error Error: EACCES, mkdir '/home/carlos/.npm/serve-favicon/2.2.0'
254 error  { [Error: EACCES, mkdir '/home/carlos/.npm/serve-favicon/2.2.0']
254 error   errno: 3,
254 error   code: 'EACCES',
254 error   path: '/home/carlos/.npm/serve-favicon/2.2.0',
254 error   parent: 'AnalizadorDescendente2' }
255 error Please try running this command again as root/Administrator.
256 error System Linux 3.13.0-45-generic
257 error command "/usr/local/bin/node" "/usr/local/bin/npm" "install"
258 error cwd /home/carlos/Documentos/Asignaturas/SegundoC/PL/AnalizadorDescendente2
259 error node -v v0.10.36
260 error npm -v 1.4.28
261 error path /home/carlos/.npm/serve-favicon/2.2.0
262 error code EACCES
263 error errno 3
264 error stack Error: EACCES, mkdir '/home/carlos/.npm/serve-favicon/2.2.0'
265 verbose exit [ 3, true ]
